\BOOKMARK [0][-]{chapter.1}{\376\377\0001\000\040\000A\000r\000i\000t\000h\000m\000e\000t\000i\000c}{}% 1
\BOOKMARK [1][-]{section.1.1}{\376\377\0001\000.\0001\000\040\000S\000o\000l\000u\000t\000i\000o\000n\000s}{chapter.1}% 2
\BOOKMARK [2][-]{subsection.1.1.1}{\376\377\0001\000.\0001\000.\0001\000\040\000S\000w\000a\000p\000\040\000V\000a\000l\000u\000e}{section.1.1}% 3
\BOOKMARK [2][-]{subsection.1.1.2}{\376\377\0001\000.\0001\000.\0002\000\040\000G\000e\000t\000\040\000B\000i\000g\000g\000e\000r}{section.1.1}% 4
\BOOKMARK [2][-]{subsection.1.1.3}{\376\377\0001\000.\0001\000.\0003\000\040\000T\000r\000a\000i\000l\000i\000n\000g\000\040\000Z\000e\000r\000o}{section.1.1}% 5
\BOOKMARK [0][-]{chapter.2}{\376\377\0002\000\040\000A\000r\000r\000a\000y}{}% 6
\BOOKMARK [1][-]{section.2.1}{\376\377\0002\000.\0001\000\040\000B\000a\000c\000k\000g\000r\000o\000u\000n\000d}{chapter.2}% 7
\BOOKMARK [1][-]{section.2.2}{\376\377\0002\000.\0002\000\040\000S\000o\000l\000u\000t\000i\000o\000n\000s}{chapter.2}% 8
\BOOKMARK [2][-]{subsection.2.2.1}{\376\377\0002\000.\0002\000.\0001\000\040\0002\000s\000u\000m}{section.2.2}% 9
\BOOKMARK [2][-]{subsection.2.2.2}{\376\377\0002\000.\0002\000.\0002\000\040\0003\000s\000u\000m\000-\000c\000l\000o\000s\000e\000s\000t}{section.2.2}% 10
\BOOKMARK [2][-]{subsection.2.2.3}{\376\377\0002\000.\0002\000.\0003\000\040\0003\000s\000u\000m}{section.2.2}% 11
\BOOKMARK [2][-]{subsection.2.2.4}{\376\377\0002\000.\0002\000.\0004\000\040\0004\000s\000u\000m}{section.2.2}% 12
\BOOKMARK [2][-]{subsection.2.2.5}{\376\377\0002\000.\0002\000.\0005\000\040\000C\000o\000m\000b\000i\000n\000a\000t\000i\000o\000n\000-\000s\000u\000m}{section.2.2}% 13
\BOOKMARK [2][-]{subsection.2.2.6}{\376\377\0002\000.\0002\000.\0006\000\040\000C\000o\000m\000b\000i\000n\000a\000t\000i\000o\000n\000-\000s\000u\000m\000I\000I}{section.2.2}% 14
\BOOKMARK [2][-]{subsection.2.2.7}{\376\377\0002\000.\0002\000.\0007\000\040\000C\000o\000m\000b\000i\000n\000a\000t\000i\000o\000n\000-\000s\000u\000m\000I\000I\000I}{section.2.2}% 15
\BOOKMARK [2][-]{subsection.2.2.8}{\376\377\0002\000.\0002\000.\0008\000\040\000C\000o\000n\000s\000t\000r\000u\000c\000t\000-\000b\000i\000n\000a\000r\000y\000-\000t\000r\000e\000e\000-\000f\000r\000o\000m\000-\000p\000r\000e\000o\000r\000d\000e\000r\000-\000a\000n\000d\000-\000i\000n\000o\000r\000d\000e\000r\000-\000t\000r\000a\000v\000e\000r\000s\000a\000l}{section.2.2}% 16
\BOOKMARK [2][-]{subsection.2.2.9}{\376\377\0002\000.\0002\000.\0009\000\040\000C\000o\000n\000t\000a\000i\000n\000-\000d\000u\000p\000l\000i\000c\000a\000t\000e}{section.2.2}% 17
\BOOKMARK [2][-]{subsection.2.2.10}{\376\377\0002\000.\0002\000.\0001\0000\000\040\000C\000o\000n\000t\000a\000i\000n\000-\000d\000u\000p\000l\000i\000c\000a\000t\000e\000I\000I}{section.2.2}% 18
\BOOKMARK [2][-]{subsection.2.2.11}{\376\377\0002\000.\0002\000.\0001\0001\000\040\000C\000o\000n\000t\000a\000i\000n\000e\000r\000-\000w\000i\000t\000h\000-\000m\000o\000s\000t\000-\000w\000a\000t\000e\000r}{section.2.2}% 19
\BOOKMARK [2][-]{subsection.2.2.12}{\376\377\0002\000.\0002\000.\0001\0002\000\040\000F\000i\000n\000d\000-\000m\000i\000n\000i\000n\000u\000m\000-\000i\000n\000-\000r\000o\000t\000a\000t\000e\000d\000-\000s\000o\000r\000t\000e\000d\000-\000a\000r\000r\000a\000y}{section.2.2}% 20
\BOOKMARK [2][-]{subsection.2.2.13}{\376\377\0002\000.\0002\000.\0001\0003\000\040\000F\000i\000n\000d\000-\000m\000i\000n\000i\000n\000u\000m\000-\000i\000n\000-\000r\000o\000t\000a\000t\000e\000d\000-\000s\000o\000r\000t\000e\000d\000-\000a\000r\000r\000a\000y\000I\000I}{section.2.2}% 21
\BOOKMARK [2][-]{subsection.2.2.14}{\376\377\0002\000.\0002\000.\0001\0004\000\040\000F\000i\000n\000d\000-\000p\000e\000a\000k\000-\000e\000l\000e\000m\000e\000n\000t\000s}{section.2.2}% 22
\BOOKMARK [2][-]{subsection.2.2.15}{\376\377\0002\000.\0002\000.\0001\0005\000\040\000F\000i\000r\000s\000t\000-\000m\000i\000s\000s\000i\000n\000g\000-\000p\000o\000s\000i\000t\000i\000v\000e}{section.2.2}% 23
\BOOKMARK [2][-]{subsection.2.2.16}{\376\377\0002\000.\0002\000.\0001\0006\000\040\000I\000n\000s\000e\000r\000t\000-\000i\000n\000t\000e\000r\000v\000a\000l}{section.2.2}% 24
\BOOKMARK [2][-]{subsection.2.2.17}{\376\377\0002\000.\0002\000.\0001\0007\000\040\000J\000u\000m\000p\000-\000g\000a\000m\000e}{section.2.2}% 25
\BOOKMARK [2][-]{subsection.2.2.18}{\376\377\0002\000.\0002\000.\0001\0008\000\040\000J\000u\000m\000p\000-\000g\000a\000m\000e\000I\000I}{section.2.2}% 26
\BOOKMARK [2][-]{subsection.2.2.19}{\376\377\0002\000.\0002\000.\0001\0009\000\040\000L\000o\000n\000g\000e\000s\000t\000-\000c\000o\000n\000s\000e\000c\000u\000t\000i\000v\000e\000-\000s\000e\000q\000u\000e\000n\000c\000e}{section.2.2}% 27
\BOOKMARK [2][-]{subsection.2.2.20}{\376\377\0002\000.\0002\000.\0002\0000\000\040\000L\000o\000n\000g\000e\000s\000t\000-\000r\000e\000c\000t\000a\000n\000g\000l\000e\000-\000i\000n\000-\000h\000i\000s\000t\000o\000g\000r\000a\000m}{section.2.2}% 28
\BOOKMARK [2][-]{subsection.2.2.21}{\376\377\0002\000.\0002\000.\0002\0001\000\040\000M\000a\000j\000o\000r\000i\000t\000y\000-\000e\000l\000e\000m\000e\000n\000t}{section.2.2}% 29
\BOOKMARK [2][-]{subsection.2.2.22}{\376\377\0002\000.\0002\000.\0002\0002\000\040\000M\000a\000j\000o\000r\000i\000t\000y\000-\000e\000l\000e\000m\000e\000n\000t\000I\000I}{section.2.2}% 30
\BOOKMARK [2][-]{subsection.2.2.23}{\376\377\0002\000.\0002\000.\0002\0003\000\040\000M\000a\000x\000i\000m\000a\000l\000-\000r\000e\000c\000t\000a\000n\000g\000l\000e}{section.2.2}% 31
\BOOKMARK [2][-]{subsection.2.2.24}{\376\377\0002\000.\0002\000.\0002\0004\000\040\000M\000e\000d\000i\000a\000n\000-\000o\000f\000-\000s\000o\000r\000t\000e\000d\000-\000a\000r\000r\000a\000y}{section.2.2}% 32
\BOOKMARK [2][-]{subsection.2.2.25}{\376\377\0002\000.\0002\000.\0002\0005\000\040\000M\000e\000r\000g\000e\000-\000i\000n\000t\000e\000r\000v\000a\000l\000s}{section.2.2}% 33
\BOOKMARK [2][-]{subsection.2.2.26}{\376\377\0002\000.\0002\000.\0002\0006\000\040\000M\000e\000r\000g\000e\000-\000s\000o\000r\000t\000e\000d\000-\000a\000r\000r\000a\000y}{section.2.2}% 34
\BOOKMARK [2][-]{subsection.2.2.27}{\376\377\0002\000.\0002\000.\0002\0007\000\040\000M\000i\000n\000i\000m\000a\000l\000-\000s\000i\000z\000e\000-\000s\000u\000b\000a\000r\000r\000a\000y\000-\000s\000u\000m}{section.2.2}% 35
\BOOKMARK [2][-]{subsection.2.2.28}{\376\377\0002\000.\0002\000.\0002\0008\000\040\000N\000e\000x\000t\000-\000p\000e\000r\000m\000u\000t\000a\000t\000i\000o\000n}{section.2.2}% 36
\BOOKMARK [2][-]{subsection.2.2.29}{\376\377\0002\000.\0002\000.\0002\0009\000\040\000P\000a\000s\000c\000a\000l\000-\000t\000r\000i\000a\000n\000g\000l\000e}{section.2.2}% 37
\BOOKMARK [2][-]{subsection.2.2.30}{\376\377\0002\000.\0002\000.\0003\0000\000\040\000P\000l\000u\000s\000-\000o\000n\000e}{section.2.2}% 38
\BOOKMARK [2][-]{subsection.2.2.31}{\376\377\0002\000.\0002\000.\0003\0001\000\040\000P\000r\000o\000d\000u\000c\000t\000-\000o\000f\000-\000a\000r\000r\000a\000y\000-\000e\000x\000c\000e\000p\000t\000-\000s\000e\000l\000f}{section.2.2}% 39
\BOOKMARK [2][-]{subsection.2.2.32}{\376\377\0002\000.\0002\000.\0003\0002\000\040\000R\000e\000m\000o\000v\000e\000-\000d\000u\000p\000l\000i\000c\000a\000t\000e\000s\000-\000f\000r\000o\000m\000-\000s\000o\000r\000t\000e\000d\000-\000a\000r\000r\000a\000y}{section.2.2}% 40
\BOOKMARK [2][-]{subsection.2.2.33}{\376\377\0002\000.\0002\000.\0003\0003\000\040\000R\000e\000m\000o\000v\000e\000-\000e\000l\000e\000m\000e\000n\000t}{section.2.2}% 41
\BOOKMARK [2][-]{subsection.2.2.34}{\376\377\0002\000.\0002\000.\0003\0004\000\040\000R\000o\000t\000a\000t\000e\000-\000a\000r\000r\000a\000y}{section.2.2}% 42
\BOOKMARK [2][-]{subsection.2.2.35}{\376\377\0002\000.\0002\000.\0003\0005\000\040\000R\000o\000t\000a\000t\000e\000-\000i\000m\000a\000g\000e}{section.2.2}% 43
\BOOKMARK [2][-]{subsection.2.2.36}{\376\377\0002\000.\0002\000.\0003\0006\000\040\000S\000e\000a\000r\000c\000h\000-\0002\000D\000-\000m\000a\000t\000r\000i\000x}{section.2.2}% 44
\BOOKMARK [2][-]{subsection.2.2.37}{\376\377\0002\000.\0002\000.\0003\0007\000\040\000S\000e\000a\000r\000c\000h\000-\000i\000n\000s\000e\000r\000t\000-\000p\000o\000s\000i\000t\000i\000o\000n}{section.2.2}% 45
\BOOKMARK [2][-]{subsection.2.2.38}{\376\377\0002\000.\0002\000.\0003\0008\000\040\000S\000e\000t\000-\000m\000a\000t\000r\000i\000x\000-\000z\000e\000r\000o\000s}{section.2.2}% 46
\BOOKMARK [2][-]{subsection.2.2.39}{\376\377\0002\000.\0002\000.\0003\0009\000\040\000S\000o\000r\000t\000-\000c\000o\000l\000o\000r}{section.2.2}% 47
\BOOKMARK [2][-]{subsection.2.2.40}{\376\377\0002\000.\0002\000.\0004\0000\000\040\000S\000p\000i\000r\000a\000l\000-\000m\000a\000t\000r\000i\000x}{section.2.2}% 48
\BOOKMARK [2][-]{subsection.2.2.41}{\376\377\0002\000.\0002\000.\0004\0001\000\040\000S\000p\000i\000r\000a\000l\000-\000m\000a\000t\000r\000i\000x\000I\000I}{section.2.2}% 49
\BOOKMARK [2][-]{subsection.2.2.42}{\376\377\0002\000.\0002\000.\0004\0002\000\040\000s\000u\000m\000m\000a\000r\000y\000-\000r\000a\000n\000g\000e\000s}{section.2.2}% 50
\BOOKMARK [2][-]{subsection.2.2.43}{\376\377\0002\000.\0002\000.\0004\0003\000\040\000S\000e\000a\000r\000c\000h\000-\000f\000o\000r\000-\000a\000-\000r\000a\000n\000g\000e}{section.2.2}% 51
\BOOKMARK [2][-]{subsection.2.2.44}{\376\377\0002\000.\0002\000.\0004\0004\000\040\000S\000e\000a\000r\000c\000h\000-\000i\000n\000-\000r\000o\000t\000a\000t\000e\000d\000-\000s\000o\000r\000t\000e\000d\000-\000a\000r\000r\000a\000y}{section.2.2}% 52
\BOOKMARK [2][-]{subsection.2.2.45}{\376\377\0002\000.\0002\000.\0004\0005\000\040\000S\000e\000a\000r\000c\000h\000-\000i\000n\000-\000r\000o\000t\000a\000t\000e\000d\000-\000s\000o\000r\000t\000e\000d\000-\000a\000r\000r\000a\000y\000I\000I}{section.2.2}% 53
\BOOKMARK [2][-]{subsection.2.2.46}{\376\377\0002\000.\0002\000.\0004\0006\000\040\000t\000r\000a\000p\000p\000i\000n\000g\000-\000r\000a\000i\000n\000-\000w\000a\000t\000e\000r\000.\000t\000e\000x}{section.2.2}% 54
\BOOKMARK [0][-]{chapter.3}{\376\377\0003\000\040\000H\000a\000s\000h}{}% 55
\BOOKMARK [1][-]{section.3.1}{\376\377\0003\000.\0001\000\040\000B\000a\000c\000k\000g\000r\000o\000u\000n\000d}{chapter.3}% 56
\BOOKMARK [1][-]{section.3.2}{\376\377\0003\000.\0002\000\040\000S\000o\000l\000u\000t\000i\000o\000n\000s}{chapter.3}% 57
\BOOKMARK [2][-]{subsection.3.2.1}{\376\377\0003\000.\0002\000.\0001\000\040\000a\000n\000a\000g\000r\000a\000m\000s}{section.3.2}% 58
\BOOKMARK [2][-]{subsection.3.2.2}{\376\377\0003\000.\0002\000.\0002\000\040\000c\000o\000u\000n\000t\000-\000p\000r\000i\000m\000e\000s}{section.3.2}% 59
\BOOKMARK [2][-]{subsection.3.2.3}{\376\377\0003\000.\0002\000.\0003\000\040\000f\000r\000a\000c\000t\000i\000o\000n\000-\000t\000o\000-\000r\000e\000c\000u\000r\000r\000i\000n\000g\000-\000d\000e\000c\000i\000m\000a\000l}{section.3.2}% 60
\BOOKMARK [2][-]{subsection.3.2.4}{\376\377\0003\000.\0002\000.\0004\000\040\000h\000a\000p\000p\000y\000-\000n\000u\000m\000b\000e\000r}{section.3.2}% 61
\BOOKMARK [2][-]{subsection.3.2.5}{\376\377\0003\000.\0002\000.\0005\000\040\000s\000u\000b\000s\000t\000r\000i\000n\000g\000-\000w\000i\000t\000h\000-\000c\000o\000n\000c\000a\000t\000e\000n\000a\000t\000i\000o\000n\000-\000o\000f\000-\000a\000l\000l\000-\000w\000o\000r\000d\000s}{section.3.2}% 62
\BOOKMARK [2][-]{subsection.3.2.6}{\376\377\0003\000.\0002\000.\0006\000\040\000s\000i\000n\000g\000l\000e\000-\000n\000u\000m\000b\000e\000r\000.\000t\000e\000x}{section.3.2}% 63
\BOOKMARK [2][-]{subsection.3.2.7}{\376\377\0003\000.\0002\000.\0007\000\040\000v\000a\000l\000i\000d\000-\000s\000u\000d\000o\000k\000u}{section.3.2}% 64
\BOOKMARK [2][-]{subsection.3.2.8}{\376\377\0003\000.\0002\000.\0008\000\040\000m\000a\000x\000i\000m\000a\000l\000-\000r\000e\000c\000t\000a\000n\000g\000l\000e}{section.3.2}% 65
\BOOKMARK [2][-]{subsection.3.2.9}{\376\377\0003\000.\0002\000.\0009\000\040\000m\000a\000x\000-\000p\000o\000i\000n\000t\000s\000-\000o\000n\000-\000a\000-\000l\000i\000n\000e}{section.3.2}% 66
\BOOKMARK [2][-]{subsection.3.2.10}{\376\377\0003\000.\0002\000.\0001\0000\000\040\000m\000i\000n\000i\000m\000a\000l\000-\000w\000i\000n\000d\000o\000w\000-\000s\000u\000b\000s\000t\000r\000i\000n\000g}{section.3.2}% 67
\BOOKMARK [2][-]{subsection.3.2.11}{\376\377\0003\000.\0002\000.\0001\0001\000\040\000r\000e\000p\000e\000a\000t\000e\000d\000-\000D\000N\000A\000-\000s\000e\000q\000u\000e\000n\000c\000e\000s}{section.3.2}% 68
\BOOKMARK [2][-]{subsection.3.2.12}{\376\377\0003\000.\0002\000.\0001\0002\000\040\000i\000s\000o\000m\000o\000r\000p\000h\000i\000c\000s\000-\000s\000t\000r\000i\000n\000g}{section.3.2}% 69
\BOOKMARK [2][-]{subsection.3.2.13}{\376\377\0003\000.\0002\000.\0001\0003\000\040\000l\000o\000n\000g\000e\000s\000t\000-\000s\000u\000b\000s\000t\000r\000i\000n\000g\000-\000w\000i\000t\000h\000o\000u\000t\000-\000r\000e\000p\000e\000a\000t\000i\000n\000g\000-\000c\000h\000a\000r\000a\000c\000t\000e\000r\000s}{section.3.2}% 70
\BOOKMARK [0][-]{chapter.4}{\376\377\0004\000\040\000L\000i\000n\000k\000e\000d\000\040\000L\000i\000s\000t}{}% 71
\BOOKMARK [1][-]{section.4.1}{\376\377\0004\000.\0001\000\040\000B\000a\000c\000k\000g\000r\000o\000u\000n\000d}{chapter.4}% 72
\BOOKMARK [1][-]{section.4.2}{\376\377\0004\000.\0002\000\040\000S\000o\000l\000u\000t\000i\000o\000n\000s}{chapter.4}% 73
\BOOKMARK [2][-]{subsection.4.2.1}{\376\377\0004\000.\0002\000.\0001\000\040\0002\000s\000u\000m}{section.4.2}% 74
\BOOKMARK [2][-]{subsection.4.2.2}{\376\377\0004\000.\0002\000.\0002\000\040\0003\000s\000u\000m\000-\000c\000l\000o\000s\000e\000s\000t}{section.4.2}% 75
\BOOKMARK [2][-]{subsection.4.2.3}{\376\377\0004\000.\0002\000.\0003\000\040\0003\000s\000u\000m}{section.4.2}% 76
\BOOKMARK [2][-]{subsection.4.2.4}{\376\377\0004\000.\0002\000.\0004\000\040\0004\000s\000u\000m}{section.4.2}% 77
\BOOKMARK [2][-]{subsection.4.2.5}{\376\377\0004\000.\0002\000.\0005\000\040\000C\000o\000m\000b\000i\000n\000a\000t\000i\000o\000n\000-\000s\000u\000m}{section.4.2}% 78
\BOOKMARK [2][-]{subsection.4.2.6}{\376\377\0004\000.\0002\000.\0006\000\040\000C\000o\000m\000b\000i\000n\000a\000t\000i\000o\000n\000-\000s\000u\000m\000I\000I}{section.4.2}% 79
\BOOKMARK [2][-]{subsection.4.2.7}{\376\377\0004\000.\0002\000.\0007\000\040\000C\000o\000m\000b\000i\000n\000a\000t\000i\000o\000n\000-\000s\000u\000m\000I\000I\000I}{section.4.2}% 80
\BOOKMARK [2][-]{subsection.4.2.8}{\376\377\0004\000.\0002\000.\0008\000\040\000C\000o\000n\000s\000t\000r\000u\000c\000t\000-\000b\000i\000n\000a\000r\000y\000-\000t\000r\000e\000e\000-\000f\000r\000o\000m\000-\000p\000r\000e\000o\000r\000d\000e\000r\000-\000a\000n\000d\000-\000i\000n\000o\000r\000d\000e\000r\000-\000t\000r\000a\000v\000e\000r\000s\000a\000l}{section.4.2}% 81
\BOOKMARK [2][-]{subsection.4.2.9}{\376\377\0004\000.\0002\000.\0009\000\040\000C\000o\000n\000t\000a\000i\000n\000-\000d\000u\000p\000l\000i\000c\000a\000t\000e}{section.4.2}% 82
\BOOKMARK [2][-]{subsection.4.2.10}{\376\377\0004\000.\0002\000.\0001\0000\000\040\000C\000o\000n\000t\000a\000i\000n\000-\000d\000u\000p\000l\000i\000c\000a\000t\000e\000I\000I}{section.4.2}% 83
\BOOKMARK [2][-]{subsection.4.2.11}{\376\377\0004\000.\0002\000.\0001\0001\000\040\000C\000o\000n\000t\000a\000i\000n\000e\000r\000-\000w\000i\000t\000h\000-\000m\000o\000s\000t\000-\000w\000a\000t\000e\000r}{section.4.2}% 84
\BOOKMARK [2][-]{subsection.4.2.12}{\376\377\0004\000.\0002\000.\0001\0002\000\040\000F\000i\000n\000d\000-\000m\000i\000n\000i\000n\000u\000m\000-\000i\000n\000-\000r\000o\000t\000a\000t\000e\000d\000-\000s\000o\000r\000t\000e\000d\000-\000a\000r\000r\000a\000y}{section.4.2}% 85
\BOOKMARK [2][-]{subsection.4.2.13}{\376\377\0004\000.\0002\000.\0001\0003\000\040\000F\000i\000n\000d\000-\000m\000i\000n\000i\000n\000u\000m\000-\000i\000n\000-\000r\000o\000t\000a\000t\000e\000d\000-\000s\000o\000r\000t\000e\000d\000-\000a\000r\000r\000a\000y\000I\000I}{section.4.2}% 86
\BOOKMARK [2][-]{subsection.4.2.14}{\376\377\0004\000.\0002\000.\0001\0004\000\040\000F\000i\000n\000d\000-\000p\000e\000a\000k\000-\000e\000l\000e\000m\000e\000n\000t\000s}{section.4.2}% 87
\BOOKMARK [2][-]{subsection.4.2.15}{\376\377\0004\000.\0002\000.\0001\0005\000\040\000F\000i\000r\000s\000t\000-\000m\000i\000s\000s\000i\000n\000g\000-\000p\000o\000s\000i\000t\000i\000v\000e}{section.4.2}% 88
\BOOKMARK [2][-]{subsection.4.2.16}{\376\377\0004\000.\0002\000.\0001\0006\000\040\000I\000n\000s\000e\000r\000t\000-\000i\000n\000t\000e\000r\000v\000a\000l}{section.4.2}% 89
\BOOKMARK [2][-]{subsection.4.2.17}{\376\377\0004\000.\0002\000.\0001\0007\000\040\000J\000u\000m\000p\000-\000g\000a\000m\000e}{section.4.2}% 90
\BOOKMARK [2][-]{subsection.4.2.18}{\376\377\0004\000.\0002\000.\0001\0008\000\040\000J\000u\000m\000p\000-\000g\000a\000m\000e\000I\000I}{section.4.2}% 91
\BOOKMARK [2][-]{subsection.4.2.19}{\376\377\0004\000.\0002\000.\0001\0009\000\040\000L\000o\000n\000g\000e\000s\000t\000-\000c\000o\000n\000s\000e\000c\000u\000t\000i\000v\000e\000-\000s\000e\000q\000u\000e\000n\000c\000e}{section.4.2}% 92
\BOOKMARK [2][-]{subsection.4.2.20}{\376\377\0004\000.\0002\000.\0002\0000\000\040\000L\000o\000n\000g\000e\000s\000t\000-\000r\000e\000c\000t\000a\000n\000g\000l\000e\000-\000i\000n\000-\000h\000i\000s\000t\000o\000g\000r\000a\000m}{section.4.2}% 93
\BOOKMARK [2][-]{subsection.4.2.21}{\376\377\0004\000.\0002\000.\0002\0001\000\040\000M\000a\000j\000o\000r\000i\000t\000y\000-\000e\000l\000e\000m\000e\000n\000t}{section.4.2}% 94
\BOOKMARK [2][-]{subsection.4.2.22}{\376\377\0004\000.\0002\000.\0002\0002\000\040\000M\000a\000j\000o\000r\000i\000t\000y\000-\000e\000l\000e\000m\000e\000n\000t\000I\000I}{section.4.2}% 95
\BOOKMARK [2][-]{subsection.4.2.23}{\376\377\0004\000.\0002\000.\0002\0003\000\040\000M\000a\000x\000i\000m\000a\000l\000-\000r\000e\000c\000t\000a\000n\000g\000l\000e}{section.4.2}% 96
\BOOKMARK [2][-]{subsection.4.2.24}{\376\377\0004\000.\0002\000.\0002\0004\000\040\000M\000e\000d\000i\000a\000n\000-\000o\000f\000-\000s\000o\000r\000t\000e\000d\000-\000a\000r\000r\000a\000y}{section.4.2}% 97
\BOOKMARK [2][-]{subsection.4.2.25}{\376\377\0004\000.\0002\000.\0002\0005\000\040\000M\000e\000r\000g\000e\000-\000i\000n\000t\000e\000r\000v\000a\000l\000s}{section.4.2}% 98
\BOOKMARK [2][-]{subsection.4.2.26}{\376\377\0004\000.\0002\000.\0002\0006\000\040\000M\000e\000r\000g\000e\000-\000s\000o\000r\000t\000e\000d\000-\000a\000r\000r\000a\000y}{section.4.2}% 99
\BOOKMARK [2][-]{subsection.4.2.27}{\376\377\0004\000.\0002\000.\0002\0007\000\040\000M\000i\000n\000i\000m\000a\000l\000-\000s\000i\000z\000e\000-\000s\000u\000b\000a\000r\000r\000a\000y\000-\000s\000u\000m}{section.4.2}% 100
\BOOKMARK [2][-]{subsection.4.2.28}{\376\377\0004\000.\0002\000.\0002\0008\000\040\000N\000e\000x\000t\000-\000p\000e\000r\000m\000u\000t\000a\000t\000i\000o\000n}{section.4.2}% 101
\BOOKMARK [2][-]{subsection.4.2.29}{\376\377\0004\000.\0002\000.\0002\0009\000\040\000P\000a\000s\000c\000a\000l\000-\000t\000r\000i\000a\000n\000g\000l\000e}{section.4.2}% 102
\BOOKMARK [2][-]{subsection.4.2.30}{\376\377\0004\000.\0002\000.\0003\0000\000\040\000P\000l\000u\000s\000-\000o\000n\000e}{section.4.2}% 103
\BOOKMARK [2][-]{subsection.4.2.31}{\376\377\0004\000.\0002\000.\0003\0001\000\040\000P\000r\000o\000d\000u\000c\000t\000-\000o\000f\000-\000a\000r\000r\000a\000y\000-\000e\000x\000c\000e\000p\000t\000-\000s\000e\000l\000f}{section.4.2}% 104
\BOOKMARK [2][-]{subsection.4.2.32}{\376\377\0004\000.\0002\000.\0003\0002\000\040\000R\000e\000m\000o\000v\000e\000-\000d\000u\000p\000l\000i\000c\000a\000t\000e\000s\000-\000f\000r\000o\000m\000-\000s\000o\000r\000t\000e\000d\000-\000a\000r\000r\000a\000y}{section.4.2}% 105
\BOOKMARK [2][-]{subsection.4.2.33}{\376\377\0004\000.\0002\000.\0003\0003\000\040\000R\000e\000m\000o\000v\000e\000-\000e\000l\000e\000m\000e\000n\000t}{section.4.2}% 106
\BOOKMARK [2][-]{subsection.4.2.34}{\376\377\0004\000.\0002\000.\0003\0004\000\040\000R\000o\000t\000a\000t\000e\000-\000a\000r\000r\000a\000y}{section.4.2}% 107
\BOOKMARK [2][-]{subsection.4.2.35}{\376\377\0004\000.\0002\000.\0003\0005\000\040\000R\000o\000t\000a\000t\000e\000-\000i\000m\000a\000g\000e}{section.4.2}% 108
\BOOKMARK [2][-]{subsection.4.2.36}{\376\377\0004\000.\0002\000.\0003\0006\000\040\000S\000e\000a\000r\000c\000h\000-\0002\000D\000-\000m\000a\000t\000r\000i\000x}{section.4.2}% 109
\BOOKMARK [2][-]{subsection.4.2.37}{\376\377\0004\000.\0002\000.\0003\0007\000\040\000S\000e\000a\000r\000c\000h\000-\000i\000n\000s\000e\000r\000t\000-\000p\000o\000s\000i\000t\000i\000o\000n}{section.4.2}% 110
\BOOKMARK [2][-]{subsection.4.2.38}{\376\377\0004\000.\0002\000.\0003\0008\000\040\000S\000e\000t\000-\000m\000a\000t\000r\000i\000x\000-\000z\000e\000r\000o\000s}{section.4.2}% 111
\BOOKMARK [2][-]{subsection.4.2.39}{\376\377\0004\000.\0002\000.\0003\0009\000\040\000S\000o\000r\000t\000-\000c\000o\000l\000o\000r}{section.4.2}% 112
\BOOKMARK [2][-]{subsection.4.2.40}{\376\377\0004\000.\0002\000.\0004\0000\000\040\000S\000p\000i\000r\000a\000l\000-\000m\000a\000t\000r\000i\000x}{section.4.2}% 113
\BOOKMARK [2][-]{subsection.4.2.41}{\376\377\0004\000.\0002\000.\0004\0001\000\040\000S\000p\000i\000r\000a\000l\000-\000m\000a\000t\000r\000i\000x\000I\000I}{section.4.2}% 114
\BOOKMARK [2][-]{subsection.4.2.42}{\376\377\0004\000.\0002\000.\0004\0002\000\040\000s\000u\000m\000m\000a\000r\000y\000-\000r\000a\000n\000g\000e\000s}{section.4.2}% 115
\BOOKMARK [2][-]{subsection.4.2.43}{\376\377\0004\000.\0002\000.\0004\0003\000\040\000S\000e\000a\000r\000c\000h\000-\000f\000o\000r\000-\000a\000-\000r\000a\000n\000g\000e}{section.4.2}% 116
\BOOKMARK [2][-]{subsection.4.2.44}{\376\377\0004\000.\0002\000.\0004\0004\000\040\000S\000e\000a\000r\000c\000h\000-\000i\000n\000-\000r\000o\000t\000a\000t\000e\000d\000-\000s\000o\000r\000t\000e\000d\000-\000a\000r\000r\000a\000y}{section.4.2}% 117
\BOOKMARK [2][-]{subsection.4.2.45}{\376\377\0004\000.\0002\000.\0004\0005\000\040\000S\000e\000a\000r\000c\000h\000-\000i\000n\000-\000r\000o\000t\000a\000t\000e\000d\000-\000s\000o\000r\000t\000e\000d\000-\000a\000r\000r\000a\000y\000I\000I}{section.4.2}% 118
\BOOKMARK [2][-]{subsection.4.2.46}{\376\377\0004\000.\0002\000.\0004\0006\000\040\000t\000r\000a\000p\000p\000i\000n\000g\000-\000r\000a\000i\000n\000-\000w\000a\000t\000e\000r\000.\000t\000e\000x}{section.4.2}% 119
\BOOKMARK [0][-]{chapter.5}{\376\377\0005\000\040\000D\000y\000n\000a\000m\000i\000c\000\040\000P\000r\000o\000g\000r\000a\000m\000m\000i\000n\000g}{}% 120
\BOOKMARK [1][-]{section.5.1}{\376\377\0005\000.\0001\000\040\000B\000a\000c\000k\000g\000r\000o\000u\000n\000d}{chapter.5}% 121
\BOOKMARK [1][-]{section.5.2}{\376\377\0005\000.\0002\000\040\000C\000l\000a\000s\000s\000i\000c\000a\000l\000\040\000P\000r\000o\000b\000l\000e\000m}{chapter.5}% 122
\BOOKMARK [2][-]{subsection.5.2.1}{\376\377\0005\000.\0002\000.\0001\000\040\000S\000t\000r\000a\000s\000s\000e\000n\000'\000s\000\040\000A\000l\000g\000o\000r\000i\000t\000h\000m}{section.5.2}% 123
\BOOKMARK [2][-]{subsection.5.2.2}{\376\377\0005\000.\0002\000.\0002\000\040\000L\000o\000n\000g\000e\000s\000t\000\040\000C\000o\000m\000m\000o\000n\000\040\000S\000u\000b\000s\000t\000r\000i\000n\000g}{section.5.2}% 124
\BOOKMARK [2][-]{subsection.5.2.3}{\376\377\0005\000.\0002\000.\0003\000\040\000O\000p\000t\000i\000m\000a\000l\000\040\000B\000i\000n\000a\000r\000y\000\040\000S\000e\000a\000r\000c\000h\000\040\000T\000r\000e\000e}{section.5.2}% 125
\BOOKMARK [1][-]{section.5.3}{\376\377\0005\000.\0003\000\040\000S\000o\000l\000u\000t\000i\000o\000n\000s}{chapter.5}% 126
\BOOKMARK [2][-]{subsection.5.3.1}{\376\377\0005\000.\0003\000.\0001\000\040\000W\000o\000r\000d\000\040\000B\000r\000e\000a\000k}{section.5.3}% 127
\BOOKMARK [2][-]{subsection.5.3.2}{\376\377\0005\000.\0003\000.\0002\000\040\000W\000o\000r\000d\000\040\000B\000r\000e\000a\000k\000I\000I}{section.5.3}% 128
\BOOKMARK [2][-]{subsection.5.3.3}{\376\377\0005\000.\0003\000.\0003\000\040\000W\000i\000l\000d\000c\000a\000r\000d\000\040\000M\000a\000t\000c\000h\000i\000n\000g}{section.5.3}% 129
\BOOKMARK [0][-]{chapter.6}{\376\377\0006\000\040\000B\000i\000n\000a\000r\000y\000\040\000S\000e\000a\000r\000c\000h}{}% 130
\BOOKMARK [1][-]{section.6.1}{\376\377\0006\000.\0001\000\040\000B\000a\000c\000k\000g\000r\000o\000u\000n\000d}{chapter.6}% 131
\BOOKMARK [1][-]{section.6.2}{\376\377\0006\000.\0002\000\040\000C\000l\000a\000s\000s\000i\000c\000a\000l\000\040\000P\000r\000o\000b\000l\000e\000m}{chapter.6}% 132
\BOOKMARK [2][-]{subsection.6.2.1}{\376\377\0006\000.\0002\000.\0001\000\040\000S\000T\000L\000\040\000L\000o\000w\000e\000r\000\040\000B\000o\000u\000n\000d}{section.6.2}% 133
\BOOKMARK [2][-]{subsection.6.2.2}{\376\377\0006\000.\0002\000.\0002\000\040\000S\000T\000L\000\040\000U\000p\000p\000e\000r\000\040\000B\000o\000u\000n\000d}{section.6.2}% 134
\BOOKMARK [1][-]{section.6.3}{\376\377\0006\000.\0003\000\040\000S\000o\000l\000u\000t\000i\000o\000n\000s}{chapter.6}% 135
\BOOKMARK [2][-]{subsection.6.3.1}{\376\377\0006\000.\0003\000.\0001\000\040\000D\000i\000v\000i\000d\000e\000\040\000T\000w\000o\000\040\000I\000n\000t\000e\000g\000e\000r}{section.6.3}% 136
\BOOKMARK [2][-]{subsection.6.3.2}{\376\377\0006\000.\0003\000.\0002\000\040\000F\000i\000n\000d\000\040\000M\000i\000n\000i\000m\000u\000m\000\040\000I\000n\000\040\000R\000o\000t\000a\000t\000e\000d\000\040\000S\000o\000r\000t\000e\000d\000\040\000A\000r\000r\000a\000y}{section.6.3}% 137
\BOOKMARK [2][-]{subsection.6.3.3}{\376\377\0006\000.\0003\000.\0003\000\040\000F\000i\000n\000d\000\040\000M\000i\000n\000i\000m\000u\000m\000\040\000I\000n\000\040\000R\000o\000t\000a\000t\000e\000d\000\040\000S\000o\000r\000t\000e\000d\000\040\000A\000r\000r\000a\000y\000I\000I}{section.6.3}% 138
\BOOKMARK [2][-]{subsection.6.3.4}{\376\377\0006\000.\0003\000.\0004\000\040\000F\000i\000n\000d\000\040\000P\000e\000a\000k\000\040\000E\000l\000e\000m\000e\000n\000t}{section.6.3}% 139
\BOOKMARK [2][-]{subsection.6.3.5}{\376\377\0006\000.\0003\000.\0005\000\040\000M\000i\000n\000i\000m\000u\000m\000\040\000S\000i\000z\000e\000\040\000S\000u\000b\000a\000r\000r\000a\000y\000\040\000S\000u\000m}{section.6.3}% 140
\BOOKMARK [2][-]{subsection.6.3.6}{\376\377\0006\000.\0003\000.\0006\000\040\000P\000o\000w}{section.6.3}% 141
\BOOKMARK [2][-]{subsection.6.3.7}{\376\377\0006\000.\0003\000.\0007\000\040\000R\000a\000n\000g\000e\000\040\000S\000e\000a\000r\000c\000h}{section.6.3}% 142
\BOOKMARK [2][-]{subsection.6.3.8}{\376\377\0006\000.\0003\000.\0008\000\040\000S\000e\000a\000r\000c\000h\000\040\0003\000D\000\040\000M\000a\000t\000r\000i\000x}{section.6.3}% 143
\BOOKMARK [2][-]{subsection.6.3.9}{\376\377\0006\000.\0003\000.\0009\000\040\000S\000e\000a\000r\000c\000h\000\040\000I\000n\000\040\000R\000o\000a\000t\000e\000d\000\040\000S\000o\000r\000t\000e\000d\000\040\000A\000r\000r\000a\000y}{section.6.3}% 144
\BOOKMARK [2][-]{subsection.6.3.10}{\376\377\0006\000.\0003\000.\0001\0000\000\040\000S\000e\000a\000r\000c\000h\000\040\000I\000n\000\040\000R\000o\000a\000t\000e\000d\000\040\000S\000o\000r\000t\000e\000d\000\040\000A\000r\000r\000a\000y\000I\000I}{section.6.3}% 145
\BOOKMARK [2][-]{subsection.6.3.11}{\376\377\0006\000.\0003\000.\0001\0001\000\040\000S\000e\000a\000r\000c\000h\000\040\000I\000n\000s\000e\000r\000t\000i\000o\000n\000\040\000P\000o\000s\000i\000t\000i\000o\000n}{section.6.3}% 146
\BOOKMARK [2][-]{subsection.6.3.12}{\376\377\0006\000.\0003\000.\0001\0002\000\040\000S\000q\000r\000t}{section.6.3}% 147
